<?xml version="1.0" encoding="UTF-8"?>
<!-- Generated by org.testng.reporters.JUnitXMLReporter -->
<testsuite ignored="0" hostname="admin" failures="0" tests="3" name="Unit Test" time="0.034" errors="0" timestamp="2022-01-29T22:25:34 IST">
  <testcase classname="DataProvider.DataProviderParameterExample" name="commonscenario" time="0.004"/>
  <testcase classname="DataProvider.DataProviderParameterExample" name="scenario1" time="0.006"/>
  <testcase classname="DataProvider.DataProviderParameterExample" name="scenario2" time="0.003"/>
</testsuite> <!-- Unit Test -->
