<?xml version="1.0" encoding="UTF-8"?>
<!-- Generated by org.testng.reporters.JUnitXMLReporter -->
<testsuite ignored="0" hostname="admin" failures="0" tests="4" name="Sample test case for package" time="0.053" errors="0" timestamp="2022-01-19T17:50:49 IST">
  <testcase classname="Annotations.Demo" name="test" time="0.004"/>
  <testcase classname="Annotations.Demo" name="test2" time="0.006"/>
  <testcase classname="Annotations.Demoa" name="test" time="0.01"/>
  <testcase classname="Annotations.Demoa" name="test2" time="0.006"/>
</testsuite> <!-- Sample test case for package -->
