<?xml version="1.0" encoding="UTF-8"?>
<!-- Generated by org.testng.reporters.JUnitXMLReporter -->
<testsuite ignored="0" hostname="admin" failures="0" tests="3" name="Unit Test" time="0.185" errors="0" timestamp="2022-01-21T00:36:59 IST">
  <testcase classname="DataProvider.DataProviderParameterExample" name="commonscenario" time="0.022"/>
  <testcase classname="DataProvider.DataProviderParameterExample" name="scenario1" time="0.005"/>
  <testcase classname="DataProvider.DataProviderParameterExample" name="scenario2" time="0.005"/>
</testsuite> <!-- Unit Test -->
